Copyright 1986-2023 Xilinx, Inc. All Rights Reserved.
------------------------------------------------------------------------------------------------------------------
| Tool Version : Vivado v.2022.2.2 (win64) Build 3788238 Tue Feb 21 20:00:34 MST 2023
| Date         : Wed Jun 14 21:30:07 2023
| Host         : DESKTOP-LCJND1O running 64-bit major release  (build 9200)
| Command      : report_drc -file led_shift_drc_opted.rpt -pb led_shift_drc_opted.pb -rpx led_shift_drc_opted.rpx
| Design       : led_shift
| Device       : xc7z020clg400-1
| Speed File   : -1
| Design State : Synthesized
------------------------------------------------------------------------------------------------------------------

Report DRC

Table of Contents
-----------------
1. REPORT SUMMARY
2. REPORT DETAILS

1. REPORT SUMMARY
-----------------
            Netlist: netlist
          Floorplan: design_1
      Design limits: <entire design considered>
           Ruledeck: default
             Max violations: <unlimited>
             Violations found: 1
+--------+----------+--------------------+------------+
| Rule   | Severity | Description        | Violations |
+--------+----------+--------------------+------------+
| ZPS7-1 | Warning  | PS7 block required | 1          |
+--------+----------+--------------------+------------+

2. REPORT DETAILS
-----------------
ZPS7-1#1 Warning
PS7 block required  
The PS7 cell must be used in this Zynq design in order to enable correct default configuration.
Related violations: <none>


